[debug] [2024-04-12T20:59:22.416Z] ----------------------------------------------------------------------
[debug] [2024-04-12T20:59:22.418Z] Command:       C:\Program Files\nodejs\node.exe C:\Users\davib\AppData\Roaming\npm\node_modules\firebase-tools\lib\bin\firebase.js init
[debug] [2024-04-12T20:59:22.418Z] CLI Version:   13.1.0
[debug] [2024-04-12T20:59:22.419Z] Platform:      win32
[debug] [2024-04-12T20:59:22.419Z] Node Version:  v20.10.0
[debug] [2024-04-12T20:59:22.419Z] Time:          Fri Apr 12 2024 17:59:22 GMT-0300 (Horário Padrão de Brasília)
[debug] [2024-04-12T20:59:22.419Z] ----------------------------------------------------------------------
[debug] 
[debug] [2024-04-12T20:59:22.492Z] > command requires scopes: ["email","openid","https://www.googleapis.com/auth/cloudplatformprojects.readonly","https://www.googleapis.com/auth/firebase","https://www.googleapis.com/auth/cloud-platform"]
[debug] [2024-04-12T20:59:22.492Z] > authorizing via signed-in user (davi.brantes@gmail.com)
[info] 
     ######## #### ########  ######## ########     ###     ######  ########
     ##        ##  ##     ## ##       ##     ##  ##   ##  ##       ##
     ######    ##  ########  ######   ########  #########  ######  ######
     ##        ##  ##    ##  ##       ##     ## ##     ##       ## ##
     ##       #### ##     ## ######## ########  ##     ##  ######  ########

You're about to initialize a Firebase project in this directory:

  C:\Users\davib\OneDrive\Documentos\dev\finwise

Before we get started, keep in mind:

  * You are initializing within an existing Firebase project directory

